<?xml version="1.0" encoding="UTF-8"?>
<coverage generated="1635871616658" clover="3.2.0">
  <project timestamp="1635871616658" name="All files">
    <metrics statements="65" coveredstatements="64" conditionals="15" coveredconditionals="14" methods="5" coveredmethods="5" elements="85" coveredelements="83" complexity="0" loc="65" ncloc="65" packages="2" files="3" classes="3"/>
    <package name="November.01">
      <metrics statements="21" coveredstatements="21" conditionals="5" coveredconditionals="5" methods="2" coveredmethods="2"/>
      <file name="ProblemOne.ts" path="C:\Users\MATTH\OneDrive\Documents\GitHub\coding-challenges\2021\November\01\ProblemOne.ts">
        <metrics statements="21" coveredstatements="21" conditionals="5" coveredconditionals="5" methods="2" coveredmethods="2"/>
        <line num="18" count="1" type="stmt"/>
        <line num="19" count="4" type="stmt"/>
        <line num="20" count="4" type="stmt"/>
        <line num="21" count="17" type="cond" truecount="2" falsecount="0"/>
        <line num="22" count="9" type="stmt"/>
        <line num="24" count="8" type="stmt"/>
        <line num="27" count="4" type="stmt"/>
        <line num="28" count="17" type="cond" truecount="2" falsecount="0"/>
        <line num="29" count="8" type="stmt"/>
        <line num="31" count="9" type="stmt"/>
        <line num="34" count="4" type="stmt"/>
        <line num="37" count="1" type="stmt"/>
        <line num="38" count="5" type="stmt"/>
        <line num="43" count="5" type="stmt"/>
        <line num="44" count="29" type="cond" truecount="1" falsecount="0"/>
        <line num="45" count="17" type="stmt"/>
        <line num="53" count="5" type="stmt"/>
        <line num="54" count="12" type="stmt"/>
        <line num="56" count="5" type="stmt"/>
        <line num="60" count="1" type="stmt"/>
        <line num="61" count="1" type="stmt"/>
      </file>
    </package>
    <package name="October.29">
      <metrics statements="44" coveredstatements="43" conditionals="10" coveredconditionals="9" methods="3" coveredmethods="3"/>
      <file name="ProblemOne.ts" path="C:\Users\MATTH\OneDrive\Documents\GitHub\coding-challenges\2021\October\29\ProblemOne.ts">
        <metrics statements="18" coveredstatements="17" conditionals="9" coveredconditionals="8" methods="1" coveredmethods="1"/>
        <line num="27" count="1" type="stmt"/>
        <line num="29" count="3" type="cond" truecount="0" falsecount="1"/>
        <line num="30" count="0" type="stmt"/>
        <line num="32" count="3" type="stmt"/>
        <line num="34" count="3" type="stmt"/>
        <line num="35" count="7" type="cond" truecount="4" falsecount="0"/>
        <line num="36" count="5" type="stmt"/>
        <line num="37" count="5" type="stmt"/>
        <line num="38" count="13" type="stmt"/>
        <line num="40" count="5" type="stmt"/>
        <line num="42" count="2" type="stmt"/>
        <line num="43" count="2" type="stmt"/>
        <line num="44" count="8" type="cond" truecount="4" falsecount="0"/>
        <line num="45" count="4" type="stmt"/>
        <line num="47" count="4" type="stmt"/>
        <line num="50" count="2" type="stmt"/>
        <line num="53" count="3" type="stmt"/>
        <line num="56" count="1" type="stmt"/>
      </file>
      <file name="ProblemTwo.ts" path="C:\Users\MATTH\OneDrive\Documents\GitHub\coding-challenges\2021\October\29\ProblemTwo.ts">
        <metrics statements="26" coveredstatements="26" conditionals="1" coveredconditionals="1" methods="2" coveredmethods="2"/>
        <line num="26" count="30" type="stmt"/>
        <line num="27" count="30" type="stmt"/>
        <line num="28" count="30" type="stmt"/>
        <line num="29" count="30" type="stmt"/>
        <line num="30" count="30" type="stmt"/>
        <line num="31" count="30" type="stmt"/>
        <line num="34" count="1" type="stmt"/>
        <line num="35" count="3" type="stmt"/>
        <line num="37" count="3" type="stmt"/>
        <line num="40" count="3" type="stmt"/>
        <line num="41" count="30" type="stmt"/>
        <line num="44" count="3" type="stmt"/>
        <line num="45" count="3" type="stmt"/>
        <line num="46" count="9" type="stmt"/>
        <line num="47" count="9" type="stmt"/>
        <line num="49" count="9" type="stmt"/>
        <line num="50" count="81" type="cond" truecount="1" falsecount="0"/>
        <line num="51" count="23" type="stmt"/>
        <line num="52" count="23" type="stmt"/>
        <line num="56" count="9" type="stmt"/>
        <line num="57" count="9" type="stmt"/>
        <line num="58" count="9" type="stmt"/>
        <line num="59" count="9" type="stmt"/>
        <line num="60" count="9" type="stmt"/>
        <line num="62" count="3" type="stmt"/>
        <line num="65" count="1" type="stmt"/>
      </file>
    </package>
  </project>
</coverage>
