{"C:\\Users\\MATTH\\OneDrive\\Documents\\GitHub\\coding-challenges\\2021\\November\\01\\ProblemOne.ts": {"path":"C:\\Users\\MATTH\\OneDrive\\Documents\\GitHub\\coding-challenges\\2021\\November\\01\\ProblemOne.ts","statementMap":{"0":{"start":{"line":19,"column":15},"end":{"line":19,"column":17}},"1":{"start":{"line":20,"column":2},"end":{"line":26,"column":null}},"2":{"start":{"line":20,"column":15},"end":{"line":20,"column":16}},"3":{"start":{"line":21,"column":4},"end":{"line":25,"column":null}},"4":{"start":{"line":22,"column":6},"end":{"line":22,"column":26}},"5":{"start":{"line":24,"column":6},"end":{"line":24,"column":15}},"6":{"start":{"line":27,"column":2},"end":{"line":33,"column":null}},"7":{"start":{"line":27,"column":15},"end":{"line":27,"column":16}},"8":{"start":{"line":28,"column":4},"end":{"line":32,"column":null}},"9":{"start":{"line":29,"column":6},"end":{"line":29,"column":26}},"10":{"start":{"line":31,"column":6},"end":{"line":31,"column":15}},"11":{"start":{"line":34,"column":2},"end":{"line":34,"column":16}},"12":{"start":{"line":18,"column":0},"end":{"line":18,"column":16}},"13":{"start":{"line":38,"column":14},"end":{"line":38,"column":15}},"14":{"start":{"line":43,"column":2},"end":{"line":47,"column":null}},"15":{"start":{"line":43,"column":15},"end":{"line":43,"column":16}},"16":{"start":{"line":44,"column":4},"end":{"line":46,"column":null}},"17":{"start":{"line":45,"column":6},"end":{"line":45,"column":28}},"18":{"start":{"line":53,"column":2},"end":{"line":55,"column":null}},"19":{"start":{"line":54,"column":4},"end":{"line":54,"column":21}},"20":{"start":{"line":56,"column":2},"end":{"line":56,"column":13}},"21":{"start":{"line":37,"column":0},"end":{"line":37,"column":16}},"22":{"start":{"line":60,"column":10},"end":{"line":60,"column":46}},"23":{"start":{"line":61,"column":0},"end":{"line":61,"column":33}}},"fnMap":{"0":{"name":"zeroesToEnd","decl":{"start":{"line":18,"column":16},"end":{"line":18,"column":27}},"loc":{"start":{"line":18,"column":31},"end":{"line":35,"column":1}}},"1":{"name":"pushZerosToEnd","decl":{"start":{"line":37,"column":16},"end":{"line":37,"column":30}},"loc":{"start":{"line":37,"column":34},"end":{"line":57,"column":1}}}},"branchMap":{"0":{"loc":{"start":{"line":21,"column":4},"end":{"line":25,"column":null}},"type":"if","locations":[{"start":{"line":21,"column":4},"end":{"line":25,"column":null}},{"start":{"line":23,"column":11},"end":{"line":25,"column":null}}]},"1":{"loc":{"start":{"line":28,"column":4},"end":{"line":32,"column":null}},"type":"if","locations":[{"start":{"line":28,"column":4},"end":{"line":32,"column":null}},{"start":{"line":30,"column":11},"end":{"line":32,"column":null}}]},"2":{"loc":{"start":{"line":44,"column":4},"end":{"line":46,"column":null}},"type":"if","locations":[{"start":{"line":44,"column":4},"end":{"line":46,"column":null}}]}},"s":{"0":4,"1":4,"2":4,"3":17,"4":9,"5":8,"6":4,"7":4,"8":17,"9":8,"10":9,"11":4,"12":1,"13":5,"14":5,"15":5,"16":29,"17":17,"18":5,"19":12,"20":5,"21":1,"22":1,"23":1},"f":{"0":4,"1":5},"b":{"0":[9,8],"1":[8,9],"2":[17]}}
,"C:\\Users\\MATTH\\OneDrive\\Documents\\GitHub\\coding-challenges\\2021\\October\\29\\ProblemOne.ts": {"path":"C:\\Users\\MATTH\\OneDrive\\Documents\\GitHub\\coding-challenges\\2021\\October\\29\\ProblemOne.ts","statementMap":{"0":{"start":{"line":27,"column":16},"end":{"line":54,"column":1}},"1":{"start":{"line":29,"column":2},"end":{"line":31,"column":null}},"2":{"start":{"line":30,"column":4},"end":{"line":30,"column":16}},"3":{"start":{"line":32,"column":20},"end":{"line":32,"column":22}},"4":{"start":{"line":34,"column":2},"end":{"line":52,"column":null}},"5":{"start":{"line":34,"column":15},"end":{"line":34,"column":16}},"6":{"start":{"line":35,"column":4},"end":{"line":51,"column":null}},"7":{"start":{"line":36,"column":16},"end":{"line":36,"column":18}},"8":{"start":{"line":37,"column":6},"end":{"line":39,"column":null}},"9":{"start":{"line":37,"column":19},"end":{"line":37,"column":20}},"10":{"start":{"line":38,"column":8},"end":{"line":38,"column":22}},"11":{"start":{"line":40,"column":6},"end":{"line":40,"column":28}},"12":{"start":{"line":42,"column":16},"end":{"line":42,"column":18}},"13":{"start":{"line":43,"column":6},"end":{"line":49,"column":null}},"14":{"start":{"line":43,"column":19},"end":{"line":43,"column":20}},"15":{"start":{"line":44,"column":8},"end":{"line":48,"column":null}},"16":{"start":{"line":45,"column":10},"end":{"line":45,"column":24}},"17":{"start":{"line":47,"column":10},"end":{"line":47,"column":24}},"18":{"start":{"line":50,"column":6},"end":{"line":50,"column":28}},"19":{"start":{"line":53,"column":2},"end":{"line":53,"column":21}},"20":{"start":{"line":56,"column":0},"end":{"line":56,"column":23}}},"fnMap":{"0":{"name":"(anonymous_0)","decl":{"start":{"line":27,"column":16},"end":{"line":27,"column":17}},"loc":{"start":{"line":27,"column":27},"end":{"line":54,"column":1}}}},"branchMap":{"0":{"loc":{"start":{"line":29,"column":2},"end":{"line":31,"column":null}},"type":"if","locations":[{"start":{"line":29,"column":2},"end":{"line":31,"column":null}}]},"1":{"loc":{"start":{"line":35,"column":4},"end":{"line":51,"column":null}},"type":"if","locations":[{"start":{"line":35,"column":4},"end":{"line":51,"column":null}},{"start":{"line":41,"column":11},"end":{"line":51,"column":null}}]},"2":{"loc":{"start":{"line":35,"column":8},"end":{"line":35,"column":31}},"type":"binary-expr","locations":[{"start":{"line":35,"column":8},"end":{"line":35,"column":15}},{"start":{"line":35,"column":19},"end":{"line":35,"column":31}}]},"3":{"loc":{"start":{"line":44,"column":8},"end":{"line":48,"column":null}},"type":"if","locations":[{"start":{"line":44,"column":8},"end":{"line":48,"column":null}},{"start":{"line":46,"column":15},"end":{"line":48,"column":null}}]},"4":{"loc":{"start":{"line":44,"column":12},"end":{"line":44,"column":39}},"type":"binary-expr","locations":[{"start":{"line":44,"column":12},"end":{"line":44,"column":19}},{"start":{"line":44,"column":23},"end":{"line":44,"column":39}}]}},"s":{"0":1,"1":3,"2":0,"3":3,"4":3,"5":3,"6":7,"7":5,"8":5,"9":5,"10":13,"11":5,"12":2,"13":2,"14":2,"15":8,"16":4,"17":4,"18":2,"19":3,"20":1},"f":{"0":3},"b":{"0":[0],"1":[5,2],"2":[7,4],"3":[4,4],"4":[8,6]}}
,"C:\\Users\\MATTH\\OneDrive\\Documents\\GitHub\\coding-challenges\\2021\\October\\29\\ProblemTwo.ts": {"path":"C:\\Users\\MATTH\\OneDrive\\Documents\\GitHub\\coding-challenges\\2021\\October\\29\\ProblemTwo.ts","statementMap":{"0":{"start":{"line":26,"column":2},"end":{"line":26,"column":35}},"1":{"start":{"line":27,"column":2},"end":{"line":27,"column":35}},"2":{"start":{"line":28,"column":2},"end":{"line":28,"column":35}},"3":{"start":{"line":29,"column":2},"end":{"line":29,"column":35}},"4":{"start":{"line":30,"column":2},"end":{"line":30,"column":35}},"5":{"start":{"line":31,"column":2},"end":{"line":31,"column":16}},"6":{"start":{"line":34,"column":20},"end":{"line":63,"column":1}},"7":{"start":{"line":35,"column":14},"end":{"line":35,"column":33}},"8":{"start":{"line":37,"column":20},"end":{"line":37,"column":22}},"9":{"start":{"line":40,"column":2},"end":{"line":42,"column":null}},"10":{"start":{"line":40,"column":15},"end":{"line":40,"column":16}},"11":{"start":{"line":41,"column":4},"end":{"line":41,"column":43}},"12":{"start":{"line":44,"column":16},"end":{"line":44,"column":41}},"13":{"start":{"line":45,"column":2},"end":{"line":61,"column":null}},"14":{"start":{"line":46,"column":20},"end":{"line":46,"column":22}},"15":{"start":{"line":47,"column":21},"end":{"line":47,"column":23}},"16":{"start":{"line":49,"column":4},"end":{"line":54,"column":null}},"17":{"start":{"line":49,"column":17},"end":{"line":49,"column":18}},"18":{"start":{"line":50,"column":6},"end":{"line":53,"column":null}},"19":{"start":{"line":51,"column":8},"end":{"line":51,"column":29}},"20":{"start":{"line":52,"column":8},"end":{"line":52,"column":23}},"21":{"start":{"line":56,"column":4},"end":{"line":56,"column":32}},"22":{"start":{"line":57,"column":4},"end":{"line":57,"column":32}},"23":{"start":{"line":58,"column":4},"end":{"line":58,"column":40}},"24":{"start":{"line":59,"column":4},"end":{"line":59,"column":32}},"25":{"start":{"line":60,"column":4},"end":{"line":60,"column":14}},"26":{"start":{"line":62,"column":2},"end":{"line":62,"column":21}},"27":{"start":{"line":65,"column":0},"end":{"line":65,"column":27}}},"fnMap":{"0":{"name":"removePunctuation","decl":{"start":{"line":25,"column":9},"end":{"line":25,"column":26}},"loc":{"start":{"line":25,"column":33},"end":{"line":32,"column":1}}},"1":{"name":"(anonymous_1)","decl":{"start":{"line":34,"column":20},"end":{"line":34,"column":21}},"loc":{"start":{"line":34,"column":33},"end":{"line":63,"column":1}}}},"branchMap":{"0":{"loc":{"start":{"line":50,"column":6},"end":{"line":53,"column":null}},"type":"if","locations":[{"start":{"line":50,"column":6},"end":{"line":53,"column":null}}]}},"s":{"0":30,"1":30,"2":30,"3":30,"4":30,"5":30,"6":1,"7":3,"8":3,"9":3,"10":3,"11":30,"12":3,"13":3,"14":9,"15":9,"16":9,"17":9,"18":81,"19":23,"20":23,"21":9,"22":9,"23":9,"24":9,"25":9,"26":3,"27":1},"f":{"0":30,"1":3},"b":{"0":[23]}}
}
