TN:
SF:2021\November\01\ProblemOne.ts
FN:19,zeroesToEnd
FN:39,pushZerosToEnd
FNF:2
FNH:2
FNDA:4,zeroesToEnd
FNDA:4,pushZerosToEnd
DA:19,1
DA:20,4
DA:21,4
DA:22,17
DA:23,9
DA:25,8
DA:28,4
DA:29,17
DA:30,8
DA:32,9
DA:35,4
DA:39,1
DA:40,4
DA:41,4
DA:42,17
DA:43,9
DA:46,4
DA:47,8
DA:49,4
LF:19
LH:19
BRDA:22,0,0,9
BRDA:22,0,1,8
BRDA:29,1,0,8
BRDA:29,1,1,9
BRDA:42,2,0,9
BRF:5
BRH:5
end_of_record
TN:
SF:2021\November\01\ProblemTwo.ts
FN:22,(anonymous_0)
FNF:1
FNH:1
FNDA:6,(anonymous_0)
DA:22,1
DA:24,6
DA:25,6
LF:3
LH:3
BRF:0
BRH:0
end_of_record
TN:
SF:2021\October\29\ProblemOne.ts
FN:27,(anonymous_0)
FNF:1
FNH:1
FNDA:3,(anonymous_0)
DA:27,1
DA:29,3
DA:30,0
DA:32,3
DA:34,3
DA:35,7
DA:36,5
DA:37,5
DA:38,13
DA:40,5
DA:42,2
DA:43,2
DA:44,8
DA:45,4
DA:47,4
DA:50,2
DA:53,3
DA:56,1
LF:18
LH:17
BRDA:29,0,0,0
BRDA:35,1,0,5
BRDA:35,1,1,2
BRDA:35,2,0,7
BRDA:35,2,1,4
BRDA:44,3,0,4
BRDA:44,3,1,4
BRDA:44,4,0,8
BRDA:44,4,1,6
BRF:9
BRH:8
end_of_record
TN:
SF:2021\October\29\ProblemTwo.ts
FN:25,removePunctuation
FN:34,(anonymous_1)
FNF:2
FNH:2
FNDA:30,removePunctuation
FNDA:3,(anonymous_1)
DA:26,30
DA:27,30
DA:28,30
DA:29,30
DA:30,30
DA:31,30
DA:34,1
DA:35,3
DA:37,3
DA:40,3
DA:41,30
DA:44,3
DA:45,3
DA:46,9
DA:47,9
DA:49,9
DA:50,81
DA:51,23
DA:52,23
DA:56,9
DA:57,9
DA:58,9
DA:59,9
DA:60,9
DA:62,3
DA:65,1
LF:26
LH:26
BRDA:50,0,0,23
BRF:1
BRH:1
end_of_record
